<?xml version="1.0" encoding="UTF-8"?>
<testsuite name="runners.PurchaseItem" tests="0" skipped="0" failures="0" errors="0" timestamp="1970-01-01T00:00:00" hostname="RA1926295022150" time="0.0">
  <properties/>
  <system-out><![CDATA[
?[31mFailed scenarios:?[0m
?[31msrc/test/resources/features/purchase_item.feature:4 ?[0m# purchase an available item

1 Scenarios (?[31m1 failed?[0m)
5 Steps (?[31m1 failed?[0m, ?[36m4 skipped?[0m)
0m4.533s

net.thucydides.core.webdriver.DriverConfigurationError: Could not instantiate class org.openqa.selenium.chrome.ChromeDriver
	at net.thucydides.core.webdriver.WebDriverFacade.newDriverInstance(WebDriverFacade.java:144)
	at net.thucydides.core.webdriver.WebDriverFacade.newProxyDriver(WebDriverFacade.java:132)
	at net.thucydides.core.webdriver.WebDriverFacade.getProxiedDriver(WebDriverFacade.java:102)
	at net.thucydides.core.webdriver.WebDriverFacade.get(WebDriverFacade.java:172)
	at net.serenitybdd.core.pages.PageObject.openPageAtUrl(PageObject.java:902)
	at net.serenitybdd.core.pages.PageObject.openUrl(PageObject.java:851)
	at net.serenitybdd.screenplay.actions.OpenUrl.performAs(OpenUrl.java:18)
	at net.serenitybdd.screenplay.actions.OpenUrl$$EnhancerByCGLIB$$f985de1c.CGLIB$performAs$0(<generated>)
	at net.serenitybdd.screenplay.actions.OpenUrl$$EnhancerByCGLIB$$f985de1c$$FastClassByCGLIB$$1611e501.invoke(<generated>)
	at net.sf.cglib.proxy.MethodProxy.invokeSuper(MethodProxy.java:228)
	at net.thucydides.core.steps.StepInterceptor.invokeMethod(StepInterceptor.java:460)
	at net.thucydides.core.steps.StepInterceptor.executeTestStepMethod(StepInterceptor.java:445)
	at net.thucydides.core.steps.StepInterceptor.runTestStep(StepInterceptor.java:420)
	at net.thucydides.core.steps.StepInterceptor.runOrSkipMethod(StepInterceptor.java:175)
	at net.thucydides.core.steps.StepInterceptor.testStepResult(StepInterceptor.java:162)
	at net.thucydides.core.steps.StepInterceptor.intercept(StepInterceptor.java:68)
	at net.serenitybdd.screenplay.actions.OpenUrl$$EnhancerByCGLIB$$f985de1c.performAs(<generated>)
	at net.serenitybdd.screenplay.Actor.performTask(Actor.java:233)
	at net.serenitybdd.screenplay.Actor.perform(Actor.java:214)
	at net.serenitybdd.screenplay.Actor.attemptsTo(Actor.java:171)
	at net.serenitybdd.screenplay.Actor.wasAbleTo(Actor.java:158)
	at stepdefinitions.PurchaseItemStepDefinitions.theUserNavigatesOnTheWebPage(PurchaseItemStepDefinitions.java:34)
	at ?.the user navigates on the web page https://www.amazon.com/(src/test/resources/features/purchase_item.feature:5)
Caused by: net.thucydides.core.webdriver.DriverConfigurationError: Could not instantiate new WebDriver instance of type class org.openqa.selenium.chrome.ChromeDriver (session not created: This version of ChromeDriver only supports Chrome version 95
Current browser version is 99.0.4844.51 with binary path C:\Program Files (x86)\Google\Chrome\Application\chrome.exe
Build info: version: '3.141.59', revision: 'e82be7d358', time: '2018-11-14T08:17:03'
System info: host: 'RA1926295022150', ip: '192.168.1.4', os.name: 'Windows 10', os.arch: 'amd64', os.version: '10.0', java.version: '1.8.0_282'
Driver info: driver.version: ProvideNewDriver
remote stacktrace: Backtrace:
	Ordinal0 [0x009606F3+2492147]
	Ordinal0 [0x008F9BD1+2071505]
	Ordinal0 [0x00802478+1057912]
	Ordinal0 [0x00820631+1181233]
	Ordinal0 [0x0081C43B+1164347]
	Ordinal0 [0x00819C9F+1154207]
	Ordinal0 [0x00849DFF+1351167]
	Ordinal0 [0x00849A6A+1350250]
	Ordinal0 [0x0084568B+1332875]
	Ordinal0 [0x008221D4+1188308]
	Ordinal0 [0x0082302F+1191983]
	GetHandleVerifier [0x00AE67A6+1545030]
	GetHandleVerifier [0x00B9105C+2243580]
	GetHandleVerifier [0x009EBC97+518199]
	GetHandleVerifier [0x009EAD80+514336]
	Ordinal0 [0x008FED2D+2092333]
	Ordinal0 [0x00902EE8+2109160]
	Ordinal0 [0x00903022+2109474]
	Ordinal0 [0x0090CB71+2149233]
	BaseThreadInitThunk [0x7724FA29+25]
	RtlGetAppContainerNamedObjectPath [0x77EB7A9E+286]
	RtlGetAppContainerNamedObjectPath [0x77EB7A6E+238]
). See below for more details.
	at net.thucydides.core.webdriver.WebDriverFactory.newWebdriverInstance(WebDriverFactory.java:158)
	at net.thucydides.core.webdriver.WebDriverFacade.newDriverInstance(WebDriverFacade.java:141)
	at net.thucydides.core.webdriver.WebDriverFacade.newProxyDriver(WebDriverFacade.java:132)
	at net.thucydides.core.webdriver.WebDriverFacade.getProxiedDriver(WebDriverFacade.java:102)
	at net.thucydides.core.webdriver.WebDriverFacade.get(WebDriverFacade.java:172)
	at net.serenitybdd.core.pages.PageObject.openPageAtUrl(PageObject.java:902)
	at net.serenitybdd.core.pages.PageObject.openUrl(PageObject.java:851)
	at net.serenitybdd.screenplay.actions.OpenUrl.performAs(OpenUrl.java:18)
	at net.serenitybdd.screenplay.actions.OpenUrl$$EnhancerByCGLIB$$f985de1c.CGLIB$performAs$0(<generated>)
	at net.serenitybdd.screenplay.actions.OpenUrl$$EnhancerByCGLIB$$f985de1c$$FastClassByCGLIB$$1611e501.invoke(<generated>)
	at net.sf.cglib.proxy.MethodProxy.invokeSuper(MethodProxy.java:228)
	at net.thucydides.core.steps.StepInterceptor.invokeMethod(StepInterceptor.java:460)
	at net.thucydides.core.steps.StepInterceptor.executeTestStepMethod(StepInterceptor.java:445)
	at net.thucydides.core.steps.StepInterceptor.runTestStep(StepInterceptor.java:420)
	at net.thucydides.core.steps.StepInterceptor.runOrSkipMethod(StepInterceptor.java:175)
	at net.thucydides.core.steps.StepInterceptor.testStepResult(StepInterceptor.java:162)
	at net.thucydides.core.steps.StepInterceptor.intercept(StepInterceptor.java:68)
	at net.serenitybdd.screenplay.actions.OpenUrl$$EnhancerByCGLIB$$f985de1c.performAs(<generated>)
	at net.serenitybdd.screenplay.Actor.performTask(Actor.java:233)
	at net.serenitybdd.screenplay.Actor.perform(Actor.java:214)
	at net.serenitybdd.screenplay.Actor.attemptsTo(Actor.java:171)
	at net.serenitybdd.screenplay.Actor.wasAbleTo(Actor.java:158)
	at stepdefinitions.PurchaseItemStepDefinitions.theUserNavigatesOnTheWebPage(PurchaseItemStepDefinitions.java:34)
	at sun.reflect.NativeMethodAccessorImpl.invoke0(Native Method)
	at sun.reflect.NativeMethodAccessorImpl.invoke(NativeMethodAccessorImpl.java:62)
	at sun.reflect.DelegatingMethodAccessorImpl.invoke(DelegatingMethodAccessorImpl.java:43)
	at java.lang.reflect.Method.invoke(Method.java:498)
	at cucumber.runtime.Utils$1.call(Utils.java:31)
	at cucumber.runtime.Timeout.timeout(Timeout.java:16)
	at cucumber.runtime.Utils.invoke(Utils.java:25)
	at cucumber.runtime.java.JavaStepDefinition.execute(JavaStepDefinition.java:37)
	at cucumber.runtime.StepDefinitionMatch.runStep(StepDefinitionMatch.java:40)
	at cucumber.api.TestStep.executeStep(TestStep.java:102)
	at cucumber.api.TestStep.run(TestStep.java:83)
	at cucumber.api.TestCase.run(TestCase.java:58)
	at cucumber.runner.Runner.runPickle(Runner.java:80)
	at cucumber.runtime.junit.PickleRunners$NoStepDescriptions.run(PickleRunners.java:140)
	at cucumber.runtime.junit.FeatureRunner.runChild(FeatureRunner.java:68)
	at cucumber.runtime.junit.FeatureRunner.runChild(FeatureRunner.java:23)
	at org.junit.runners.ParentRunner$3.run(ParentRunner.java:290)
	at org.junit.runners.ParentRunner$1.schedule(ParentRunner.java:71)
	at org.junit.runners.ParentRunner.runChildren(ParentRunner.java:288)
	at org.junit.runners.ParentRunner.access$000(ParentRunner.java:58)
	at org.junit.runners.ParentRunner$2.evaluate(ParentRunner.java:268)
	at org.junit.runners.ParentRunner.run(ParentRunner.java:363)
	at cucumber.runtime.junit.FeatureRunner.run(FeatureRunner.java:73)
	at cucumber.api.junit.Cucumber.runChild(Cucumber.java:118)
	at cucumber.api.junit.Cucumber.runChild(Cucumber.java:56)
	at org.junit.runners.ParentRunner$3.run(ParentRunner.java:290)
	at org.junit.runners.ParentRunner$1.schedule(ParentRunner.java:71)
	at org.junit.runners.ParentRunner.runChildren(ParentRunner.java:288)
	at org.junit.runners.ParentRunner.access$000(ParentRunner.java:58)
	at org.junit.runners.ParentRunner$2.evaluate(ParentRunner.java:268)
	at cucumber.api.junit.Cucumber$1.evaluate(Cucumber.java:127)
	at org.junit.runners.ParentRunner.run(ParentRunner.java:363)
	at org.gradle.api.internal.tasks.testing.junit.JUnitTestClassExecutor.runTestClass(JUnitTestClassExecutor.java:110)
	at org.gradle.api.internal.tasks.testing.junit.JUnitTestClassExecutor.execute(JUnitTestClassExecutor.java:58)
	at org.gradle.api.internal.tasks.testing.junit.JUnitTestClassExecutor.execute(JUnitTestClassExecutor.java:38)
	at org.gradle.api.internal.tasks.testing.junit.AbstractJUnitTestClassProcessor.processTestClass(AbstractJUnitTestClassProcessor.java:62)
	at org.gradle.api.internal.tasks.testing.SuiteTestClassProcessor.processTestClass(SuiteTestClassProcessor.java:51)
	at sun.reflect.NativeMethodAccessorImpl.invoke0(Native Method)
	at sun.reflect.NativeMethodAccessorImpl.invoke(NativeMethodAccessorImpl.java:62)
	at sun.reflect.DelegatingMethodAccessorImpl.invoke(DelegatingMethodAccessorImpl.java:43)
	at java.lang.reflect.Method.invoke(Method.java:498)
	at org.gradle.internal.dispatch.ReflectionDispatch.dispatch(ReflectionDispatch.java:35)
	at org.gradle.internal.dispatch.ReflectionDispatch.dispatch(ReflectionDispatch.java:24)
	at org.gradle.internal.dispatch.ContextClassLoaderDispatch.dispatch(ContextClassLoaderDispatch.java:32)
	at org.gradle.internal.dispatch.ProxyDispatchAdapter$DispatchingInvocationHandler.invoke(ProxyDispatchAdapter.java:93)
	at com.sun.proxy.$Proxy2.processTestClass(Unknown Source)
	at org.gradle.api.internal.tasks.testing.worker.TestWorker.processTestClass(TestWorker.java:118)
	at sun.reflect.NativeMethodAccessorImpl.invoke0(Native Method)
	at sun.reflect.NativeMethodAccessorImpl.invoke(NativeMethodAccessorImpl.java:62)
	at sun.reflect.DelegatingMethodAccessorImpl.invoke(DelegatingMethodAccessorImpl.java:43)
	at java.lang.reflect.Method.invoke(Method.java:498)
	at org.gradle.internal.dispatch.ReflectionDispatch.dispatch(ReflectionDispatch.java:35)
	at org.gradle.internal.dispatch.ReflectionDispatch.dispatch(ReflectionDispatch.java:24)
	at org.gradle.internal.remote.internal.hub.MessageHubBackedObjectConnection$DispatchWrapper.dispatch(MessageHubBackedObjectConnection.java:175)
	at org.gradle.internal.remote.internal.hub.MessageHubBackedObjectConnection$DispatchWrapper.dispatch(MessageHubBackedObjectConnection.java:157)
	at org.gradle.internal.remote.internal.hub.MessageHub$Handler.run(MessageHub.java:404)
	at org.gradle.internal.concurrent.ExecutorPolicy$CatchAndRecordFailures.onExecute(ExecutorPolicy.java:63)
	at org.gradle.internal.concurrent.ManagedExecutorImpl$1.run(ManagedExecutorImpl.java:46)
	at java.util.concurrent.ThreadPoolExecutor.runWorker(ThreadPoolExecutor.java:1149)
	at java.util.concurrent.ThreadPoolExecutor$Worker.run(ThreadPoolExecutor.java:624)
	at org.gradle.internal.concurrent.ThreadFactoryImpl$ManagedThreadRunnable.run(ThreadFactoryImpl.java:55)
	at java.lang.Thread.run(Thread.java:748)
Caused by: org.openqa.selenium.SessionNotCreatedException: session not created: This version of ChromeDriver only supports Chrome version 95
Current browser version is 99.0.4844.51 with binary path C:\Program Files (x86)\Google\Chrome\Application\chrome.exe
Build info: version: '3.141.59', revision: 'e82be7d358', time: '2018-11-14T08:17:03'
System info: host: 'RA1926295022150', ip: '192.168.1.4', os.name: 'Windows 10', os.arch: 'amd64', os.version: '10.0', java.version: '1.8.0_282'
Driver info: driver.version: ProvideNewDriver
remote stacktrace: Backtrace:
	Ordinal0 [0x009606F3+2492147]
	Ordinal0 [0x008F9BD1+2071505]
	Ordinal0 [0x00802478+1057912]
	Ordinal0 [0x00820631+1181233]
	Ordinal0 [0x0081C43B+1164347]
	Ordinal0 [0x00819C9F+1154207]
	Ordinal0 [0x00849DFF+1351167]
	Ordinal0 [0x00849A6A+1350250]
	Ordinal0 [0x0084568B+1332875]
	Ordinal0 [0x008221D4+1188308]
	Ordinal0 [0x0082302F+1191983]
	GetHandleVerifier [0x00AE67A6+1545030]
	GetHandleVerifier [0x00B9105C+2243580]
	GetHandleVerifier [0x009EBC97+518199]
	GetHandleVerifier [0x009EAD80+514336]
	Ordinal0 [0x008FED2D+2092333]
	Ordinal0 [0x00902EE8+2109160]
	Ordinal0 [0x00903022+2109474]
	Ordinal0 [0x0090CB71+2149233]
	BaseThreadInitThunk [0x7724FA29+25]
	RtlGetAppContainerNamedObjectPath [0x77EB7A9E+286]
	RtlGetAppContainerNamedObjectPath [0x77EB7A6E+238]

	at sun.reflect.NativeConstructorAccessorImpl.newInstance0(Native Method)
	at sun.reflect.NativeConstructorAccessorImpl.newInstance(NativeConstructorAccessorImpl.java:62)
	at sun.reflect.DelegatingConstructorAccessorImpl.newInstance(DelegatingConstructorAccessorImpl.java:45)
	at java.lang.reflect.Constructor.newInstance(Constructor.java:423)
	at org.openqa.selenium.remote.W3CHandshakeResponse.lambda$errorHandler$0(W3CHandshakeResponse.java:62)
	at org.openqa.selenium.remote.HandshakeResponse.lambda$getResponseFunction$0(HandshakeResponse.java:30)
	at org.openqa.selenium.remote.ProtocolHandshake.lambda$createSession$0(ProtocolHandshake.java:126)
	at java.util.stream.ReferencePipeline$3$1.accept(ReferencePipeline.java:193)
	at java.util.Spliterators$ArraySpliterator.tryAdvance(Spliterators.java:958)
	at java.util.stream.ReferencePipeline.forEachWithCancel(ReferencePipeline.java:126)
	at java.util.stream.AbstractPipeline.copyIntoWithCancel(AbstractPipeline.java:499)
	at java.util.stream.AbstractPipeline.copyInto(AbstractPipeline.java:486)
	at java.util.stream.AbstractPipeline.wrapAndCopyInto(AbstractPipeline.java:472)
	at java.util.stream.FindOps$FindOp.evaluateSequential(FindOps.java:152)
	at java.util.stream.AbstractPipeline.evaluate(AbstractPipeline.java:234)
	at java.util.stream.ReferencePipeline.findFirst(ReferencePipeline.java:531)
	at org.openqa.selenium.remote.ProtocolHandshake.createSession(ProtocolHandshake.java:128)
	at org.openqa.selenium.remote.ProtocolHandshake.createSession(ProtocolHandshake.java:74)
	at org.openqa.selenium.remote.HttpCommandExecutor.execute(HttpCommandExecutor.java:136)
	at org.openqa.selenium.remote.service.DriverCommandExecutor.execute(DriverCommandExecutor.java:83)
	at org.openqa.selenium.remote.RemoteWebDriver.execute(RemoteWebDriver.java:552)
	at org.openqa.selenium.remote.RemoteWebDriver.startSession(RemoteWebDriver.java:213)
	at org.openqa.selenium.remote.RemoteWebDriver.<init>(RemoteWebDriver.java:131)
	at org.openqa.selenium.chrome.ChromeDriver.<init>(ChromeDriver.java:181)
	at org.openqa.selenium.chrome.ChromeDriver.<init>(ChromeDriver.java:168)
	at org.openqa.selenium.chrome.ChromeDriver.<init>(ChromeDriver.java:157)
	at net.serenitybdd.core.webdriver.driverproviders.ChromeDriverProvider.lambda$newInstance$0(ChromeDriverProvider.java:64)
	at net.serenitybdd.core.webdriver.driverproviders.ProvideNewDriver.withConfiguration(ProvideNewDriver.java:40)
	at net.serenitybdd.core.webdriver.driverproviders.ChromeDriverProvider.newInstance(ChromeDriverProvider.java:60)
	at net.thucydides.core.webdriver.WebDriverFactory.createWebDriver(WebDriverFactory.java:169)
	at net.thucydides.core.webdriver.WebDriverFactory.newWebdriverInstance(WebDriverFactory.java:150)
	... 84 more

]]></system-out>
  <system-err><![CDATA[[Test worker] INFO net.thucydides.core.steps.ConsoleLoggingListener - 

-------------------------------------------------------------------------------------
     _______. _______ .______       _______ .__   __.  __  .___________.____    ____ 
    /       ||   ____||   _  \     |   ____||  \ |  | |  | |           |\   \  /   / 
   |   (----`|  |__   |  |_)  |    |  |__   |   \|  | |  | `---|  |----` \   \/   /  
    \   \    |   __|  |      /     |   __|  |  . `  | |  |     |  |       \_    _/   
.----)   |   |  |____ |  |\  \----.|  |____ |  |\   | |  |     |  |         |  |     
|_______/    |_______|| _| `._____||_______||__| \__| |__|     |__|         |__|    
                                                                                     
 News and tutorials at http://www.serenity-bdd.info                                  
 Documentation at https://wakaleo.gitbooks.io/the-serenity-book/content/             
 Join the Serenity Community on Rocket Chat at https://serenity-bdd.rocket.chat      
 Serenity BDD Support and Training at http://serenity-bdd.info/#/trainingandsupport  
 Learn Serenity BDD online at http://serenity-dojo.com                               
-------------------------------------------------------------------------------------

[Test worker] INFO net.thucydides.core.steps.ConsoleLoggingListener - Test Suite Started: As a Customer when I search for Alexa, I want to see if the third option on the second page is available for
[Test worker] INFO net.thucydides.core.steps.ConsoleLoggingListener - 
 _____ _____ ____ _____   ____ _____  _    ____ _____ _____ ____  
|_   _| ____/ ___|_   _| / ___|_   _|/ \  |  _ \_   _| ____|  _ \ 
  | | |  _| \___ \ | |   \___ \ | | / _ \ | |_) || | |  _| | | | |
  | | | |___ ___) || |    ___) || |/ ___ \|  _ < | | | |___| |_| |
  |_| |_____|____/ |_|   |____/ |_/_/   \_\_| \_\|_| |_____|____/ 
                                                                  

TEST STARTED: purchase an available item
-------------------------------------------------------------------(as-a-customer-when-i-search-for-alexa--i-want-to-see-if-the-third-option-on-the-second-page-is-available-for;purchase-an-available-item)
]]></system-err>
</testsuite>
